#
# A fatal error has been detected by the Java Runtime Environment:
#
#  EXCEPTION_ACCESS_VIOLATION (0xc0000005) at pc=0x0000000000050000, pid=5700, tid=4240
#
# JRE version: OpenJDK Runtime Environment Temurin-21.0.3+9 (21.0.3+9) (build 21.0.3+9-LTS)
# Java VM: OpenJDK 64-Bit Server VM Temurin-21.0.3+9 (21.0.3+9-LTS, mixed mode, emulated-client, tiered, compressed oops, compressed class ptrs, g1 gc, windows-amd64)
# Problematic frame:
# V  [jvm.dll+0x354ebf]
#
# No core dump will be written. Minidumps are not enabled by default on client versions of Windows
#
# If you would like to submit a bug report, please visit:
#   https://github.com/adoptium/adoptium-support/issues
#

---------------  S U M M A R Y ------------

Command Line: -Dcom.sun.management.jmxremote -Dcom.sun.management.jmxremote.port=58150 -Dcom.sun.management.jmxremote.authenticate=false -Dcom.sun.management.jmxremote.ssl=false -Djava.rmi.server.hostname=localhost -Dspring.jmx.enabled=true -Dmanagement.endpoints.jmx.exposure.include=* -Dspring.application.admin.enabled=true -XX:TieredStopAtLevel=1 -Dspring.boot.project.name=course -Dfile.encoding=UTF-8 -Dstdout.encoding=UTF-8 -Dstderr.encoding=UTF-8 -XX:+ShowCodeDetailsInExceptionMessages com.CursoJava.course.CourseApplication --spring.output.ansi.enabled=always

Host: AMD Ryzen 5 5600G with Radeon Graphics         , 12 cores, 15G,  Windows 10 , 64 bit Build 19041 (10.0.19041.4597)
Time: Thu Jul 11 06:57:24 2024 Hora oficial do Brasil elapsed time: 5.717653 seconds (0d 0h 0m 5s)

---------------  T H R E A D  ---------------

Current thread (0x0000018ea3766e10):  WorkerThread "GC Thread#5"    [id=4240, stack(0x0000007443200000,0x0000007443300000) (1024K)]

Stack: [0x0000007443200000,0x0000007443300000],  sp=0x00000074432ff2c0,  free space=1020k
Native frames: (J=compiled Java code, j=interpreted, Vv=VM code, C=native code)
C  0x0000000000050000


siginfo: EXCEPTION_ACCESS_VIOLATION (0xc0000005), data execution prevention violation at address 0x0000000000050000


Registers:
RAX=0x000000000000018e, RBX=0x0000000000000001, RCX=0x0000018ea41be848, RDX=0x0000000718c1dc20
RSP=0x00000074432ff2b8, RBP=0x0000018ea41be6c0, RSI=0x0000000718c1dc20, RDI=0x0000000000000001
R8 =0x00000008000e71f0, R9 =0x00007ffee018de90, R10=0x0000000000000000, R11=0x00000074432ff0e0
R12=0x000e39769d200000, R13=0x0000000718c1dc20, R14=0x0000018ea41be6c0, R15=0x000e39769d200000
RIP=0x0000000000050000, EFLAGS=0x0000000000010206


Register to memory mapping:

RAX=0x000000000000018e is an unknown value
RBX=0x0000000000000001 is an unknown value
RCX=0x0000018ea41be848 points into unknown readable memory: 0x00007ffedff91830 | 30 18 f9 df fe 7f 00 00
RDX=0x0000000718c1dc20 points into unknown readable memory: 0x0000000718c1dc23 | 23 dc c1 18 07 00 00 00
RSP=0x00000074432ff2b8 points into unknown readable memory: 0x00007ffedf8c4ebf | bf 4e 8c df fe 7f 00 00
RBP=0x0000018ea41be6c0 points into unknown readable memory: 0x00007ffedff91878 | 78 18 f9 df fe 7f 00 00
RSI=0x0000000718c1dc20 points into unknown readable memory: 0x0000000718c1dc23 | 23 dc c1 18 07 00 00 00
RDI=0x0000000000000001 is an unknown value
R8 =0x00000008000e71f0 is pointing into metadata
R9 =0x00007ffee018de90 jvm.dll
R10=0x0 is null
R11=0x00000074432ff0e0 points into unknown readable memory: 0x0000000000000000 | 00 00 00 00 00 00 00 00
R12=0x000e39769d200000 is an unknown value
R13=0x0000000718c1dc20 points into unknown readable memory: 0x0000000718c1dc23 | 23 dc c1 18 07 00 00 00
R14=0x0000018ea41be6c0 points into unknown readable memory: 0x00007ffedff91878 | 78 18 f9 df fe 7f 00 00
R15=0x000e39769d200000 is an unknown value

Top of Stack: (sp=0x00000074432ff2b8)
0x00000074432ff2b8:   00007ffedf8c4ebf 0000000000000001
0x00000074432ff2c8:   0000018ea41be6c0 0000000718c1dc20
0x00000074432ff2d8:   0000018ea41be848 00000008000e71f0
0x00000074432ff2e8:   0000000718c1dc20 00000008000e71f0
0x00000074432ff2f8:   0000000000000000 0000000000000000
0x00000074432ff308:   00007ffedf8c45c7 0000000000000001
0x00000074432ff318:   0000018ea41be6c0 0000000000000001
0x00000074432ff328:   0000000000000000 0000000700000000
0x00000074432ff338:   00007ffe00000000 0000000000000001
0x00000074432ff348:   0000018e9e3995d0 0000018ea41be6d8
0x00000074432ff358:   0000018e972cd8c2 0000018ea41be848
0x00000074432ff368:   0000000000000000 0000000000000040
0x00000074432ff378:   0000018ea36e53c0 0000000000000027
0x00000074432ff388:   0000018ea41be6c0 0000018e8fce16f0
0x00000074432ff398:   0000000000000226 0000000709cc0e80
0x00000074432ff3a8:   00007ffedf8c5633 000000070b110000
0x00000074432ff3b8:   00000074432f0100 0000000700000000
0x00000074432ff3c8:   0071cbb4e9000000 0000000709cc0c00
0x00000074432ff3d8:   0000000000000003 00000074432ff5d0
0x00000074432ff3e8:   0000000709cc5a18 00000074432ff5d0
0x00000074432ff3f8:   00007ffedf8c1dbe 0000000709cc5a00
0x00000074432ff408:   0000018ea41be6c0 0000000709ca1200
0x00000074432ff418:   0000000000000080 0000000003672500
0x00000074432ff428:   0000000000000000 0000000000000027
0x00000074432ff438:   00000074432ff5d0 0000018e8fd70620
0x00000074432ff448:   00007ffedf8ce92b 0000000000000003
0x00000074432ff458:   0000018e8fd70620 00000074432ff5d0
0x00000074432ff468:   00007ffedfc3142f 0000000709cc0c00
0x00000074432ff478:   00000000000009c0 00007ffedff92a90
0x00000074432ff488:   0000000000000000 0000018e8fcd72e0
0x00000074432ff498:   0000018ea41be6c0 00000074432ff620
0x00000074432ff4a8:   00007ffedfdc6d57 0000018e9e6a04a0 

Instructions: (pc=0x00007ffedf8c4ebf)
0x00007ffedf8c4dbf:   95 b0 01 00 00 4d 8b cf 48 8b 4d 08 4c 8b c6 e8
0x00007ffedf8c4dcf:   4d 29 fd ff 48 8b bd 40 02 00 00 0f b6 c3 4c 8b
0x00007ffedf8c4ddf:   74 24 58 24 03 3c 01 75 0f 48 b8 00 ff ff ff 7f
0x00007ffedf8c4def:   00 00 00 48 85 d8 74 2f 48 8b 57 20 48 3b 57 08
0x00007ffedf8c4dff:   75 0a 48 8b cf e8 f7 0b f3 ff 33 d2 48 8b 47 38
0x00007ffedf8c4e0f:   48 8b ca 48 03 c9 48 89 34 c8 48 89 5c c8 08 48
0x00007ffedf8c4e1f:   8d 42 01 48 89 47 20 80 3d ed 97 8c 00 00 48 8b
0x00007ffedf8c4e2f:   7c 24 50 74 15 8b 46 08 8b 0d 7b 81 8c 00 48 d3
0x00007ffedf8c4e3f:   e0 48 03 05 69 81 8c 00 eb 04 48 8b 46 08 83 78
0x00007ffedf8c4e4f:   0c 04 75 17 48 63 05 0e ac 92 00 0f b6 04 30 a8
0x00007ffedf8c4e5f:   08 75 08 48 8b ce e8 26 57 44 00 48 8d 8d 48 02
0x00007ffedf8c4e6f:   00 00 49 8b d7 48 8b 01 ff 10 c7 85 a8 01 00 00
0x00007ffedf8c4e7f:   00 00 00 00 80 3d 90 97 8c 00 00 74 16 44 8b 46
0x00007ffedf8c4e8f:   08 8b 0d 22 81 8c 00 49 d3 e0 4c 03 05 10 81 8c
0x00007ffedf8c4e9f:   00 eb 04 4c 8b 46 08 49 63 40 0c 4c 8d 0d df 8f
0x00007ffedf8c4eaf:   8c 00 48 8d 8d 88 01 00 00 48 8b d6 41 ff 14 c1
0x00007ffedf8c4ebf:   48 8b c6 48 8b 5c 24 60 48 83 c4 30 41 5f 5e 5d
0x00007ffedf8c4ecf:   c3 48 89 5c 24 08 57 48 83 ec 20 48 8b 79 10 48
0x00007ffedf8c4edf:   8b da 8b 97 80 00 00 00 8b 87 00 01 00 00 8b ca
0x00007ffedf8c4eef:   2b c8 81 e1 ff ff 01 00 81 f9 fe ff 01 00 73 24
0x00007ffedf8c4eff:   48 8b 87 80 01 00 00 48 89 1c d0 8d 42 01 25 ff
0x00007ffedf8c4f0f:   ff 01 00 89 87 80 00 00 00 48 8b 5c 24 30 48 83
0x00007ffedf8c4f1f:   c4 20 5f c3 48 8b 8f a0 02 00 00 48 3b 8f 88 02
0x00007ffedf8c4f2f:   00 00 75 0e 48 8d 8f 80 02 00 00 e8 51 0a f3 ff
0x00007ffedf8c4f3f:   33 c9 48 8b 87 b8 02 00 00 48 89 1c c8 48 8d 41
0x00007ffedf8c4f4f:   01 48 8b 5c 24 30 48 89 87 a0 02 00 00 48 83 c4
0x00007ffedf8c4f5f:   20 5f c3 cc cc cc cc cc cc cc cc cc cc cc cc cc
0x00007ffedf8c4f6f:   cc 48 89 5c 24 10 48 89 6c 24 18 56 48 83 ec 30
0x00007ffedf8c4f7f:   33 db 48 8b ea 48 8b f1 39 99 c8 01 00 00 76 67
0x00007ffedf8c4f8f:   48 89 7c 24 40 0f 1f 40 00 0f 1f 84 00 00 00 00
0x00007ffedf8c4f9f:   00 48 8b 86 b8 01 00 00 48 8b 14 d8 8b 45 48 48
0x00007ffedf8c4faf:   8d 0c 80 48 8b 82 28 02 00 00 48 8b 3c c8 48 8b 


Stack slot to memory mapping:

stack at sp + 0 slots: 0x0000000000000001 is an unknown value
stack at sp + 1 slots: 0x0000018ea41be6c0 points into unknown readable memory: 0x00007ffedff91878 | 78 18 f9 df fe 7f 00 00
stack at sp + 2 slots: 0x0000000718c1dc20 points into unknown readable memory: 0x0000000718c1dc23 | 23 dc c1 18 07 00 00 00
stack at sp + 3 slots: 0x0000018ea41be848 points into unknown readable memory: 0x00007ffedff91830 | 30 18 f9 df fe 7f 00 00
stack at sp + 4 slots: 0x00000008000e71f0 is pointing into metadata
stack at sp + 5 slots: 0x0000000718c1dc20 points into unknown readable memory: 0x0000000718c1dc23 | 23 dc c1 18 07 00 00 00
stack at sp + 6 slots: 0x00000008000e71f0 is pointing into metadata
stack at sp + 7 slots: 0x0 is null


---------------  P R O C E S S  ---------------

Threads class SMR info:
_java_thread_list=0x0000018ea580ea40, length=41, elements={
0x0000018e9e5dd110, 0x0000018e9e5de810, 0x0000018e9e5a9210, 0x0000018e9e5a9c70,
0x0000018e9e5bc750, 0x0000018e9e5bdd50, 0x0000018e9e5e2380, 0x0000018e9e5b33b0,
0x0000018e9e6b4bd0, 0x0000018e9e822180, 0x0000018ea33a73b0, 0x0000018ea360f860,
0x0000018ea3611ee0, 0x0000018ea3bae240, 0x0000018ea3baeef0, 0x0000018ea3bdc3b0,
0x0000018ea3c14750, 0x0000018ea47fac20, 0x0000018ea47fbfd0, 0x0000018ea47fb2b0,
0x0000018ea47fa590, 0x0000018ea47fc660, 0x0000018ea47fccf0, 0x0000018ea47fd380,
0x0000018ea47f9f00, 0x0000018ea57354e0, 0x0000018ea572ff90, 0x0000018ea57319d0,
0x0000018ea5731340, 0x0000018ea5733aa0, 0x0000018ea5730620, 0x0000018ea572f270,
0x0000018ea5730cb0, 0x0000018ea572e550, 0x0000018ea5735b70, 0x0000018ea5732060,
0x0000018ea5733410, 0x0000018ea5732d80, 0x0000018ea5734130, 0x0000018ea57347c0,
0x0000018ea5734e50
}

Java Threads: ( => current thread )
  0x0000018e9e5dd110 JavaThread "Reference Handler"          daemon [_thread_blocked, id=4216, stack(0x0000007441f00000,0x0000007442000000) (1024K)]
  0x0000018e9e5de810 JavaThread "Finalizer"                  daemon [_thread_blocked, id=12272, stack(0x0000007442000000,0x0000007442100000) (1024K)]
  0x0000018e9e5a9210 JavaThread "Signal Dispatcher"          daemon [_thread_blocked, id=2112, stack(0x0000007442100000,0x0000007442200000) (1024K)]
  0x0000018e9e5a9c70 JavaThread "Attach Listener"            daemon [_thread_blocked, id=6952, stack(0x0000007442200000,0x0000007442300000) (1024K)]
  0x0000018e9e5bc750 JavaThread "Service Thread"             daemon [_thread_blocked, id=7540, stack(0x0000007442300000,0x0000007442400000) (1024K)]
  0x0000018e9e5bdd50 JavaThread "Monitor Deflation Thread"   daemon [_thread_blocked, id=4420, stack(0x0000007442400000,0x0000007442500000) (1024K)]
  0x0000018e9e5e2380 JavaThread "C1 CompilerThread0"         daemon [_thread_blocked, id=7688, stack(0x0000007442500000,0x0000007442600000) (1024K)]
  0x0000018e9e5b33b0 JavaThread "Common-Cleaner"             daemon [_thread_blocked, id=12248, stack(0x0000007442600000,0x0000007442700000) (1024K)]
  0x0000018e9e6b4bd0 JavaThread "C1 CompilerThread1"         daemon [_thread_blocked, id=3756, stack(0x0000007442700000,0x0000007442800000) (1024K)]
  0x0000018e9e822180 JavaThread "Notification Thread"        daemon [_thread_blocked, id=9444, stack(0x0000007442800000,0x0000007442900000) (1024K)]
  0x0000018ea33a73b0 JavaThread "RMI TCP Accept-0"           daemon [_thread_in_native, id=9924, stack(0x0000007442b00000,0x0000007442c00000) (1024K)]
  0x0000018ea360f860 JavaThread "RMI TCP Accept-58150"       daemon [_thread_in_native, id=6324, stack(0x0000007442c00000,0x0000007442d00000) (1024K)]
  0x0000018ea3611ee0 JavaThread "RMI TCP Accept-0"           daemon [_thread_in_native, id=3212, stack(0x0000007442d00000,0x0000007442e00000) (1024K)]
  0x0000018ea3bae240 JavaThread "RMI TCP Connection(1)-127.0.0.1" daemon [_thread_in_native, id=2080, stack(0x0000007443600000,0x0000007443700000) (1024K)]
  0x0000018ea3baeef0 JavaThread "RMI Scheduler(0)"           daemon [_thread_blocked, id=5852, stack(0x0000007443700000,0x0000007443800000) (1024K)]
  0x0000018ea3bdc3b0 JavaThread "RMI TCP Connection(2)-127.0.0.1" daemon [_thread_in_native, id=5156, stack(0x0000007443800000,0x0000007443900000) (1024K)]
  0x0000018ea3c14750 JavaThread "JMX server connection timeout 36" daemon [_thread_blocked, id=11972, stack(0x0000007443900000,0x0000007443a00000) (1024K)]
  0x0000018ea47fac20 JavaThread "Catalina-utility-1"                [_thread_blocked, id=3608, stack(0x0000007443d00000,0x0000007443e00000) (1024K)]
  0x0000018ea47fbfd0 JavaThread "Catalina-utility-2"                [_thread_blocked, id=10044, stack(0x0000007443e00000,0x0000007443f00000) (1024K)]
  0x0000018ea47fb2b0 JavaThread "container-0"                       [_thread_blocked, id=10328, stack(0x0000007443f00000,0x0000007444000000) (1024K)]
  0x0000018ea47fa590 JavaThread "HikariPool-1 housekeeper"   daemon [_thread_blocked, id=3204, stack(0x0000007444000000,0x0000007444100000) (1024K)]
  0x0000018ea47fc660 JavaThread "HikariPool-1 connection adder" daemon [_thread_blocked, id=3340, stack(0x0000007444100000,0x0000007444200000) (1024K)]
  0x0000018ea47fccf0 JavaThread "http-nio-8080-exec-1"       daemon [_thread_blocked, id=9040, stack(0x0000007444200000,0x0000007444300000) (1024K)]
  0x0000018ea47fd380 JavaThread "http-nio-8080-exec-2"       daemon [_thread_blocked, id=10376, stack(0x0000007444300000,0x0000007444400000) (1024K)]
  0x0000018ea47f9f00 JavaThread "http-nio-8080-exec-3"       daemon [_thread_blocked, id=6808, stack(0x0000007444400000,0x0000007444500000) (1024K)]
  0x0000018ea57354e0 JavaThread "http-nio-8080-exec-4"       daemon [_thread_blocked, id=7472, stack(0x0000007444500000,0x0000007444600000) (1024K)]
  0x0000018ea572ff90 JavaThread "http-nio-8080-exec-5"       daemon [_thread_blocked, id=11544, stack(0x0000007444600000,0x0000007444700000) (1024K)]
  0x0000018ea57319d0 JavaThread "http-nio-8080-exec-6"       daemon [_thread_blocked, id=7928, stack(0x0000007444700000,0x0000007444800000) (1024K)]
  0x0000018ea5731340 JavaThread "http-nio-8080-exec-7"       daemon [_thread_blocked, id=1296, stack(0x0000007444800000,0x0000007444900000) (1024K)]
  0x0000018ea5733aa0 JavaThread "http-nio-8080-exec-8"       daemon [_thread_blocked, id=11360, stack(0x0000007444900000,0x0000007444a00000) (1024K)]
  0x0000018ea5730620 JavaThread "http-nio-8080-exec-9"       daemon [_thread_blocked, id=11864, stack(0x0000007444a00000,0x0000007444b00000) (1024K)]
  0x0000018ea572f270 JavaThread "http-nio-8080-exec-10"      daemon [_thread_blocked, id=8540, stack(0x0000007444b00000,0x0000007444c00000) (1024K)]
  0x0000018ea5730cb0 JavaThread "http-nio-8080-Poller"       daemon [_thread_in_native, id=12208, stack(0x0000007444c00000,0x0000007444d00000) (1024K)]
  0x0000018ea572e550 JavaThread "http-nio-8080-Acceptor"     daemon [_thread_in_native, id=8552, stack(0x0000007444d00000,0x0000007444e00000) (1024K)]
  0x0000018ea5735b70 JavaThread "DestroyJavaVM"                     [_thread_blocked, id=7340, stack(0x0000007441700000,0x0000007441800000) (1024K)]
  0x0000018ea5732060 JavaThread "RMI TCP Connection(3)-127.0.0.1" daemon [_thread_in_native, id=9644, stack(0x0000007444f00000,0x0000007445000000) (1024K)]
  0x0000018ea5733410 JavaThread "RMI TCP Connection(4)-127.0.0.1" daemon [_thread_in_native, id=7900, stack(0x0000007445000000,0x0000007445100000) (1024K)]
  0x0000018ea5732d80 JavaThread "RMI TCP Connection(5)-127.0.0.1" daemon [_thread_in_native, id=1372, stack(0x0000007445100000,0x0000007445200000) (1024K)]
  0x0000018ea5734130 JavaThread "RMI TCP Connection(6)-127.0.0.1" daemon [_thread_in_native, id=8412, stack(0x0000007445200000,0x0000007445300000) (1024K)]
  0x0000018ea57347c0 JavaThread "RMI TCP Connection(7)-127.0.0.1" daemon [_thread_in_native, id=11728, stack(0x0000007445400000,0x0000007445500000) (1024K)]
  0x0000018ea5734e50 JavaThread "RMI TCP Connection(8)-127.0.0.1" daemon [_thread_in_native, id=11048, stack(0x0000007445600000,0x0000007445700000) (1024K)]
Total: 41

Other Threads:
  0x0000018e9e546800 VMThread "VM Thread"                           [id=5128, stack(0x0000007441e00000,0x0000007441f00000) (1024K)]
  0x0000018e9e4c7160 WatcherThread "VM Periodic Task Thread"        [id=6016, stack(0x0000007441d00000,0x0000007441e00000) (1024K)]
  0x0000018e8fd2e9b0 WorkerThread "GC Thread#0"                     [id=10624, stack(0x0000007441800000,0x0000007441900000) (1024K)]
  0x0000018ea36d7e80 WorkerThread "GC Thread#1"                     [id=11912, stack(0x0000007442e00000,0x0000007442f00000) (1024K)]
  0x0000018ea36d8220 WorkerThread "GC Thread#2"                     [id=7976, stack(0x0000007442f00000,0x0000007443000000) (1024K)]
  0x0000018ea36d85c0 WorkerThread "GC Thread#3"                     [id=8928, stack(0x0000007443000000,0x0000007443100000) (1024K)]
  0x0000018ea37177a0 WorkerThread "GC Thread#4"                     [id=8888, stack(0x0000007443100000,0x0000007443200000) (1024K)]
=>0x0000018ea3766e10 WorkerThread "GC Thread#5"                     [id=4240, stack(0x0000007443200000,0x0000007443300000) (1024K)]
  0x0000018ea37675c0 WorkerThread "GC Thread#6"                     [id=7996, stack(0x0000007443300000,0x0000007443400000) (1024K)]
  0x0000018ea3767960 WorkerThread "GC Thread#7"                     [id=2564, stack(0x0000007443400000,0x0000007443500000) (1024K)]
  0x0000018ea3767d00 WorkerThread "GC Thread#8"                     [id=9372, stack(0x0000007443500000,0x0000007443600000) (1024K)]
  0x0000018ea3bcfab0 WorkerThread "GC Thread#9"                     [id=11556, stack(0x0000007443a00000,0x0000007443b00000) (1024K)]
  0x0000018e8fd3f780 ConcurrentGCThread "G1 Main Marker"            [id=9388, stack(0x0000007441900000,0x0000007441a00000) (1024K)]
  0x0000018e8fd40090 WorkerThread "G1 Conc#0"                       [id=11956, stack(0x0000007441a00000,0x0000007441b00000) (1024K)]
  0x0000018ea3bcfe50 WorkerThread "G1 Conc#1"                       [id=2968, stack(0x0000007443b00000,0x0000007443c00000) (1024K)]
  0x0000018ea3bd01f0 WorkerThread "G1 Conc#2"                       [id=9028, stack(0x0000007443c00000,0x0000007443d00000) (1024K)]
  0x0000018e9e39b130 ConcurrentGCThread "G1 Refine#0"               [id=1676, stack(0x0000007441b00000,0x0000007441c00000) (1024K)]
  0x0000018e9e39b950 ConcurrentGCThread "G1 Service"                [id=5144, stack(0x0000007441c00000,0x0000007441d00000) (1024K)]
Total: 18

Threads with active compile tasks:
Total: 0

VM state: at safepoint (normal execution)

VM Mutex/Monitor currently owned by a thread:  ([mutex/lock_event])
[0x00007ffee0212128] Threads_lock - owner thread: 0x0000018e9e546800
[0x00007ffee0212228] Heap_lock - owner thread: 0x0000018ea47fccf0

Heap address: 0x0000000709600000, size: 3946 MB, Compressed Oops mode: Zero based, Oop shift amount: 3

CDS archive(s) not mapped
Compressed class space mapped at: 0x0000000800000000-0x0000000840000000, reserved size: 1073741824
Narrow klass base: 0x0000000800000000, Narrow klass shift: 0, Narrow klass range: 0x40000000

GC Precious Log:
 CardTable entry size: 512
 Card Set container configuration: InlinePtr #cards 4 size 8 Array Of Cards #cards 16 size 48 Howl #buckets 8 coarsen threshold 3686 Howl Bitmap #cards 512 size 80 coarsen threshold 460 Card regions per heap region 1 cards per card region 4096
 CPUs: 12 total, 12 available
 Memory: 15779M
 Large Page Support: Disabled
 NUMA Support: Disabled
 Compressed Oops: Enabled (Zero based)
 Heap Region Size: 2M
 Heap Min Capacity: 8M
 Heap Initial Capacity: 248M
 Heap Max Capacity: 3946M
 Pre-touch: Disabled
 Parallel Workers: 10
 Concurrent Workers: 3
 Concurrent Refinement Workers: 10
 Periodic GC: Disabled

Heap:
 garbage-first heap   total 61440K, used 50086K [0x0000000709600000, 0x0000000800000000)
  region size 2048K, 15 young (30720K), 2 survivors (4096K)
 Metaspace       used 68399K, committed 69120K, reserved 1114112K
  class space    used 9097K, committed 9408K, reserved 1048576K

Heap Regions: E=young(eden), S=young(survivor), O=old, HS=humongous(starts), HC=humongous(continues), CS=collection set, F=free, TAMS=top-at-mark-start, PB=parsable bottom
|   0|0x0000000709600000, 0x0000000709800000, 0x0000000709800000|100%| O|  |TAMS 0x0000000709600000| PB 0x0000000709600000| Untracked 
|   1|0x0000000709800000, 0x0000000709a00000, 0x0000000709a00000|100%| O|  |TAMS 0x0000000709800000| PB 0x0000000709800000| Untracked 
|   2|0x0000000709a00000, 0x0000000709c00000, 0x0000000709c00000|100%| O|  |TAMS 0x0000000709a00000| PB 0x0000000709a00000| Untracked 
|   3|0x0000000709c00000, 0x0000000709e00000, 0x0000000709e00000|100%| O|  |TAMS 0x0000000709c00000| PB 0x0000000709c00000| Untracked 
|   4|0x0000000709e00000, 0x000000070a000000, 0x000000070a000000|100%| O|  |TAMS 0x0000000709e00000| PB 0x0000000709e00000| Untracked 
|   5|0x000000070a000000, 0x000000070a200000, 0x000000070a200000|100%| O|CS|TAMS 0x000000070a000000| PB 0x000000070a000000| Complete 
|   6|0x000000070a200000, 0x000000070a400000, 0x000000070a400000|100%| O|  |TAMS 0x000000070a200000| PB 0x000000070a200000| Untracked 
|   7|0x000000070a400000, 0x000000070a600000, 0x000000070a600000|100%| O|  |TAMS 0x000000070a400000| PB 0x000000070a400000| Untracked 
|   8|0x000000070a600000, 0x000000070a800000, 0x000000070a800000|100%| O|  |TAMS 0x000000070a600000| PB 0x000000070a600000| Untracked 
|   9|0x000000070a800000, 0x000000070aa00000, 0x000000070aa00000|100%| O|  |TAMS 0x000000070a800000| PB 0x000000070a800000| Untracked 
|  10|0x000000070aa00000, 0x000000070ab1a6d0, 0x000000070ac00000| 55%| E|CS|TAMS 0x000000070aa00000| PB 0x000000070aa00000| Complete 
|  11|0x000000070ac00000, 0x000000070ae00000, 0x000000070ae00000|100%| E|CS|TAMS 0x000000070ac00000| PB 0x000000070ac00000| Complete 
|  12|0x000000070ae00000, 0x000000070b000000, 0x000000070b000000|100%| E|CS|TAMS 0x000000070ae00000| PB 0x000000070ae00000| Complete 
|  13|0x000000070b000000, 0x000000070b200000, 0x000000070b200000|100%| O|  |TAMS 0x000000070b000000| PB 0x000000070b000000| Untracked 
|  14|0x000000070b200000, 0x000000070b33e7a0, 0x000000070b400000| 62%| O|  |TAMS 0x000000070b200000| PB 0x000000070b200000| Untracked 
|  15|0x000000070b400000, 0x000000070b600000, 0x000000070b600000|100%| S|  |TAMS 0x000000070b400000| PB 0x000000070b400000| Complete 
|  16|0x000000070b600000, 0x000000070b800000, 0x000000070b800000|100%| S|  |TAMS 0x000000070b600000| PB 0x000000070b600000| Complete 
|  17|0x000000070b800000, 0x000000070ba00000, 0x000000070ba00000|100%| E|CS|TAMS 0x000000070b800000| PB 0x000000070b800000| Complete 
|  18|0x000000070ba00000, 0x000000070bc00000, 0x000000070bc00000|100%| E|CS|TAMS 0x000000070ba00000| PB 0x000000070ba00000| Complete 
|  19|0x000000070bc00000, 0x000000070be00000, 0x000000070be00000|100%| E|CS|TAMS 0x000000070bc00000| PB 0x000000070bc00000| Complete 
|  20|0x000000070be00000, 0x000000070c000000, 0x000000070c000000|100%| E|CS|TAMS 0x000000070be00000| PB 0x000000070be00000| Complete 
|  21|0x000000070c000000, 0x000000070c200000, 0x000000070c200000|100%| E|CS|TAMS 0x000000070c000000| PB 0x000000070c000000| Complete 
|  22|0x000000070c200000, 0x000000070c400000, 0x000000070c400000|100%| E|CS|TAMS 0x000000070c200000| PB 0x000000070c200000| Complete 
|  23|0x000000070c400000, 0x000000070c600000, 0x000000070c600000|100%| E|CS|TAMS 0x000000070c400000| PB 0x000000070c400000| Complete 
|  24|0x000000070c600000, 0x000000070c800000, 0x000000070c800000|100%| E|CS|TAMS 0x000000070c600000| PB 0x000000070c600000| Complete 
|  25|0x000000070c800000, 0x000000070ca00000, 0x000000070ca00000|100%| E|CS|TAMS 0x000000070c800000| PB 0x000000070c800000| Complete 
|  26|0x000000070ca00000, 0x000000070cc00000, 0x000000070cc00000|100%| E|CS|TAMS 0x000000070ca00000| PB 0x000000070ca00000| Complete 
|  64|0x0000000711600000, 0x0000000711800000, 0x0000000711800000|100%| E|CS|TAMS 0x0000000711600000| PB 0x0000000711600000| Complete 
|  65|0x0000000711800000, 0x0000000711a00000, 0x0000000711a00000|100%| E|CS|TAMS 0x0000000711800000| PB 0x0000000711800000| Complete 
| 123|0x0000000718c00000, 0x0000000718e00000, 0x0000000718e00000|100%| E|CS|TAMS 0x0000000718c00000| PB 0x0000000718c00000| Complete 

Card table byte_map: [0x0000018e972c0000,0x0000018e97a80000] _byte_map_base: 0x0000018e93a75000

Marking Bits: (CMBitMap*) 0x0000018e8fd2eec0
 Bits: [0x0000018e97a80000, 0x0000018e9b828000)

Polling page: 0x0000018e8dcc0000

Metaspace:

Usage:
  Non-class:     57.91 MB used.
      Class:      8.88 MB used.
       Both:     66.80 MB used.

Virtual space:
  Non-class space:       64.00 MB reserved,      58.31 MB ( 91%) committed,  1 nodes.
      Class space:        1.00 GB reserved,       9.19 MB ( <1%) committed,  1 nodes.
             Both:        1.06 GB reserved,      67.50 MB (  6%) committed. 

Chunk freelists:
   Non-Class:  5.45 MB
       Class:  6.62 MB
        Both:  12.08 MB

MaxMetaspaceSize: unlimited
CompressedClassSpaceSize: 1.00 GB
Initial GC threshold: 21.00 MB
Current GC threshold: 98.06 MB
CDS: off
 - commit_granule_bytes: 65536.
 - commit_granule_words: 8192.
 - virtual_space_node_default_size: 8388608.
 - enlarge_chunks_in_place: 1.
 - use_allocation_guard: 0.


Internal statistics:

num_allocs_failed_limit: 9.
num_arena_births: 1004.
num_arena_deaths: 0.
num_vsnodes_births: 2.
num_vsnodes_deaths: 0.
num_space_committed: 1080.
num_space_uncommitted: 0.
num_chunks_returned_to_freelist: 9.
num_chunks_taken_from_freelist: 3127.
num_chunk_merges: 9.
num_chunk_splits: 2248.
num_chunks_enlarged: 1690.
num_inconsistent_stats: 0.

CodeCache: size=49152Kb used=9243Kb max_used=10351Kb free=39908Kb
 bounds [0x0000018e937d0000, 0x0000018e941f0000, 0x0000018e967d0000]
 total_blobs=5372 nmethods=4697 adapters=598
 compilation: enabled
              stopped_count=0, restarted_count=0
 full_count=0

Compilation events (20 events):
Event: 4.109 Thread 0x0000018e9e6b6710 4743       1       sun.util.logging.internal.LoggingProviderImpl$JULWrapper::isLoggable (12 bytes)
Event: 4.109 Thread 0x0000018e9e5e2380 4742       1       java.io.ObjectInputStream$FilterValues::<init> (33 bytes)
Event: 4.109 Thread 0x0000018e9e5e2380 nmethod 4742 0x0000018e941e9490 code [0x0000018e941e9620, 0x0000018e941e9748]
Event: 4.109 Thread 0x0000018e9e6b74b0 nmethod 4740 0x0000018e941e9790 code [0x0000018e941e9960, 0x0000018e941e9d70]
Event: 4.109 Thread 0x0000018e9e6b6710 nmethod 4743 0x0000018e941e9f10 code [0x0000018e941ea0c0, 0x0000018e941ea1f8]
Event: 4.109 Thread 0x0000018e9e6b4bd0 nmethod 4737 0x0000018e941ea310 code [0x0000018e941ea540, 0x0000018e941eab48]
Event: 5.692 Thread 0x0000018e9e6b4bd0 4744       1       java.util.ResourceBundle$KeyElementReference::<init> (12 bytes)
Event: 5.692 Thread 0x0000018e9e6b4bd0 nmethod 4744 0x0000018e93b09c90 code [0x0000018e93b09e40, 0x0000018e93b0a048]
Event: 5.695 Thread 0x0000018e9e6b4bd0 4747       1       java.lang.invoke.LambdaForm$Name::cloneWithIndex (47 bytes)
Event: 5.696 Thread 0x0000018e9e6b4bd0 nmethod 4747 0x0000018e93b07810 code [0x0000018e93b079e0, 0x0000018e93b07cd0]
Event: 5.697 Thread 0x0000018e9e6b4bd0 4751       1       java.nio.HeapByteBuffer::put (17 bytes)
Event: 5.697 Thread 0x0000018e9e5e2380 4752   !   1       org.apache.tomcat.util.http.parser.HttpParser::isControl (9 bytes)
Event: 5.697 Thread 0x0000018e9e6b4bd0 nmethod 4751 0x0000018e93b06b10 code [0x0000018e93b06cc0, 0x0000018e93b06e00]
Event: 5.697 Thread 0x0000018e9e5e2380 nmethod 4752 0x0000018e93b06710 code [0x0000018e93b068c0, 0x0000018e93b069e8]
Event: 5.698 Thread 0x0000018e9e5e2380 4753       1       java.io.StringReader::ensureOpen (18 bytes)
Event: 5.698 Thread 0x0000018e9e5e2380 nmethod 4753 0x0000018e93b06310 code [0x0000018e93b064c0, 0x0000018e93b06630]
Event: 5.706 Thread 0x0000018e9e5e2380 4754       1       java.util.BitSet::expandTo (23 bytes)
Event: 5.706 Thread 0x0000018e9e6b4bd0 4755       1       java.util.BitSet::set (58 bytes)
Event: 5.706 Thread 0x0000018e9e5e2380 nmethod 4754 0x0000018e93b05f90 code [0x0000018e93b06140, 0x0000018e93b06250]
Event: 5.706 Thread 0x0000018e9e6b4bd0 nmethod 4755 0x0000018e93b05710 code [0x0000018e93b05920, 0x0000018e93b05d28]

GC Heap History (20 events):
Event: 0.733 GC heap after
{Heap after GC invocations=4 (full 0):
 garbage-first heap   total 40960K, used 10419K [0x0000000709600000, 0x0000000800000000)
  region size 2048K, 2 young (4096K), 2 survivors (4096K)
 Metaspace       used 26964K, committed 27264K, reserved 1114112K
  class space    used 3050K, committed 3200K, reserved 1048576K
}
Event: 0.803 GC heap before
{Heap before GC invocations=4 (full 0):
 garbage-first heap   total 40960K, used 26803K [0x0000000709600000, 0x0000000800000000)
  region size 2048K, 10 young (20480K), 2 survivors (4096K)
 Metaspace       used 30038K, committed 30400K, reserved 1114112K
  class space    used 3472K, committed 3648K, reserved 1048576K
}
Event: 0.807 GC heap after
{Heap after GC invocations=5 (full 0):
 garbage-first heap   total 40960K, used 12184K [0x0000000709600000, 0x0000000800000000)
  region size 2048K, 2 young (4096K), 2 survivors (4096K)
 Metaspace       used 30038K, committed 30400K, reserved 1114112K
  class space    used 3472K, committed 3648K, reserved 1048576K
}
Event: 0.923 GC heap before
{Heap before GC invocations=5 (full 0):
 garbage-first heap   total 40960K, used 26520K [0x0000000709600000, 0x0000000800000000)
  region size 2048K, 9 young (18432K), 2 survivors (4096K)
 Metaspace       used 30963K, committed 31296K, reserved 1114112K
  class space    used 3623K, committed 3776K, reserved 1048576K
}
Event: 0.927 GC heap after
{Heap after GC invocations=6 (full 0):
 garbage-first heap   total 40960K, used 12935K [0x0000000709600000, 0x0000000800000000)
  region size 2048K, 2 young (4096K), 2 survivors (4096K)
 Metaspace       used 30963K, committed 31296K, reserved 1114112K
  class space    used 3623K, committed 3776K, reserved 1048576K
}
Event: 1.082 GC heap before
{Heap before GC invocations=6 (full 0):
 garbage-first heap   total 40960K, used 29319K [0x0000000709600000, 0x0000000800000000)
  region size 2048K, 10 young (20480K), 2 survivors (4096K)
 Metaspace       used 33528K, committed 33920K, reserved 1114112K
  class space    used 4009K, committed 4160K, reserved 1048576K
}
Event: 1.086 GC heap after
{Heap after GC invocations=7 (full 0):
 garbage-first heap   total 147456K, used 14615K [0x0000000709600000, 0x0000000800000000)
  region size 2048K, 2 young (4096K), 2 survivors (4096K)
 Metaspace       used 33528K, committed 33920K, reserved 1114112K
  class space    used 4009K, committed 4160K, reserved 1048576K
}
Event: 1.189 GC heap before
{Heap before GC invocations=7 (full 0):
 garbage-first heap   total 147456K, used 24855K [0x0000000709600000, 0x0000000800000000)
  region size 2048K, 8 young (16384K), 2 survivors (4096K)
 Metaspace       used 35481K, committed 35968K, reserved 1114112K
  class space    used 4287K, committed 4544K, reserved 1048576K
}
Event: 1.193 GC heap after
{Heap after GC invocations=8 (full 0):
 garbage-first heap   total 147456K, used 15491K [0x0000000709600000, 0x0000000800000000)
  region size 2048K, 2 young (4096K), 2 survivors (4096K)
 Metaspace       used 35481K, committed 35968K, reserved 1114112K
  class space    used 4287K, committed 4544K, reserved 1048576K
}
Event: 1.506 GC heap before
{Heap before GC invocations=9 (full 0):
 garbage-first heap   total 61440K, used 48259K [0x0000000709600000, 0x0000000800000000)
  region size 2048K, 18 young (36864K), 2 survivors (4096K)
 Metaspace       used 41635K, committed 42176K, reserved 1114112K
  class space    used 5088K, committed 5312K, reserved 1048576K
}
Event: 1.508 GC heap after
{Heap after GC invocations=10 (full 0):
 garbage-first heap   total 61440K, used 18578K [0x0000000709600000, 0x0000000800000000)
  region size 2048K, 3 young (6144K), 3 survivors (6144K)
 Metaspace       used 41635K, committed 42176K, reserved 1114112K
  class space    used 5088K, committed 5312K, reserved 1048576K
}
Event: 1.763 GC heap before
{Heap before GC invocations=10 (full 0):
 garbage-first heap   total 61440K, used 47250K [0x0000000709600000, 0x0000000800000000)
  region size 2048K, 17 young (34816K), 3 survivors (6144K)
 Metaspace       used 48612K, committed 49216K, reserved 1114112K
  class space    used 6053K, committed 6336K, reserved 1048576K
}
Event: 1.766 GC heap after
{Heap after GC invocations=11 (full 0):
 garbage-first heap   total 61440K, used 19609K [0x0000000709600000, 0x0000000800000000)
  region size 2048K, 3 young (6144K), 3 survivors (6144K)
 Metaspace       used 48612K, committed 49216K, reserved 1114112K
  class space    used 6053K, committed 6336K, reserved 1048576K
}
Event: 2.020 GC heap before
{Heap before GC invocations=11 (full 0):
 garbage-first heap   total 61440K, used 48281K [0x0000000709600000, 0x0000000800000000)
  region size 2048K, 17 young (34816K), 3 survivors (6144K)
 Metaspace       used 54535K, committed 55168K, reserved 1114112K
  class space    used 6948K, committed 7232K, reserved 1048576K
}
Event: 2.022 GC heap after
{Heap after GC invocations=12 (full 0):
 garbage-first heap   total 61440K, used 20981K [0x0000000709600000, 0x0000000800000000)
  region size 2048K, 2 young (4096K), 2 survivors (4096K)
 Metaspace       used 54535K, committed 55168K, reserved 1114112K
  class space    used 6948K, committed 7232K, reserved 1048576K
}
Event: 2.189 GC heap before
{Heap before GC invocations=12 (full 0):
 garbage-first heap   total 61440K, used 33269K [0x0000000709600000, 0x0000000800000000)
  region size 2048K, 10 young (20480K), 2 survivors (4096K)
 Metaspace       used 59510K, committed 60096K, reserved 1114112K
  class space    used 7704K, committed 8000K, reserved 1048576K
}
Event: 2.190 GC heap after
{Heap after GC invocations=13 (full 0):
 garbage-first heap   total 61440K, used 21438K [0x0000000709600000, 0x0000000800000000)
  region size 2048K, 2 young (4096K), 2 survivors (4096K)
 Metaspace       used 59510K, committed 60096K, reserved 1114112K
  class space    used 7704K, committed 8000K, reserved 1048576K
}
Event: 2.495 GC heap before
{Heap before GC invocations=14 (full 0):
 garbage-first heap   total 61440K, used 52158K [0x0000000709600000, 0x0000000800000000)
  region size 2048K, 17 young (34816K), 2 survivors (4096K)
 Metaspace       used 64960K, committed 65600K, reserved 1114112K
  class space    used 8658K, committed 8960K, reserved 1048576K
}
Event: 2.497 GC heap after
{Heap after GC invocations=15 (full 0):
 garbage-first heap   total 61440K, used 23462K [0x0000000709600000, 0x0000000800000000)
  region size 2048K, 3 young (6144K), 3 survivors (6144K)
 Metaspace       used 64960K, committed 65600K, reserved 1114112K
  class space    used 8658K, committed 8960K, reserved 1048576K
}
Event: 5.707 GC heap before
{Heap before GC invocations=15 (full 0):
 garbage-first heap   total 61440K, used 50086K [0x0000000709600000, 0x0000000800000000)
  region size 2048K, 16 young (32768K), 3 survivors (6144K)
 Metaspace       used 68399K, committed 69120K, reserved 1114112K
  class space    used 9097K, committed 9408K, reserved 1048576K
}

Dll operation events (11 events):
Event: 0.004 Loaded shared library C:\sts-4.23.1.RELEASE\plugins\org.eclipse.justj.openjdk.hotspot.jre.full.win32.x86_64_21.0.3.v20240426-1530\jre\bin\java.dll
Event: 0.007 Loaded shared library C:\sts-4.23.1.RELEASE\plugins\org.eclipse.justj.openjdk.hotspot.jre.full.win32.x86_64_21.0.3.v20240426-1530\jre\bin\zip.dll
Event: 0.108 Loaded shared library C:\sts-4.23.1.RELEASE\plugins\org.eclipse.justj.openjdk.hotspot.jre.full.win32.x86_64_21.0.3.v20240426-1530\jre\bin\jimage.dll
Event: 0.115 Loaded shared library C:\sts-4.23.1.RELEASE\plugins\org.eclipse.justj.openjdk.hotspot.jre.full.win32.x86_64_21.0.3.v20240426-1530\jre\bin\net.dll
Event: 0.116 Loaded shared library C:\sts-4.23.1.RELEASE\plugins\org.eclipse.justj.openjdk.hotspot.jre.full.win32.x86_64_21.0.3.v20240426-1530\jre\bin\nio.dll
Event: 0.120 Loaded shared library C:\sts-4.23.1.RELEASE\plugins\org.eclipse.justj.openjdk.hotspot.jre.full.win32.x86_64_21.0.3.v20240426-1530\jre\bin\zip.dll
Event: 0.151 Loaded shared library C:\sts-4.23.1.RELEASE\plugins\org.eclipse.justj.openjdk.hotspot.jre.full.win32.x86_64_21.0.3.v20240426-1530\jre\bin\management.dll
Event: 0.160 Loaded shared library C:\sts-4.23.1.RELEASE\plugins\org.eclipse.justj.openjdk.hotspot.jre.full.win32.x86_64_21.0.3.v20240426-1530\jre\bin\management_ext.dll
Event: 0.306 Loaded shared library C:\sts-4.23.1.RELEASE\plugins\org.eclipse.justj.openjdk.hotspot.jre.full.win32.x86_64_21.0.3.v20240426-1530\jre\bin\extnet.dll
Event: 0.800 Loaded shared library C:\sts-4.23.1.RELEASE\plugins\org.eclipse.justj.openjdk.hotspot.jre.full.win32.x86_64_21.0.3.v20240426-1530\jre\bin\sunmscapi.dll
Event: 1.710 Loaded shared library C:\sts-4.23.1.RELEASE\plugins\org.eclipse.justj.openjdk.hotspot.jre.full.win32.x86_64_21.0.3.v20240426-1530\jre\bin\verify.dll

Deoptimization events (6 events):
Event: 1.508 Thread 0x0000018e9e5b33b0 DEOPT PACKING pc=0x0000018e93dc8224 sp=0x00000074426ff520
Event: 1.508 Thread 0x0000018e9e5b33b0 DEOPT UNPACKING pc=0x0000018e93824e42 sp=0x00000074426fea68 mode 0
Event: 2.566 Thread 0x0000018e8dad7970 DEOPT PACKING pc=0x0000018e93e21a81 sp=0x00000074417fe020
Event: 2.566 Thread 0x0000018e8dad7970 DEOPT UNPACKING pc=0x0000018e93824e42 sp=0x00000074417fd528 mode 3
Event: 2.566 Thread 0x0000018e8dad7970 DEOPT PACKING pc=0x0000018e93e000da sp=0x00000074417fdfe0
Event: 2.566 Thread 0x0000018e8dad7970 DEOPT UNPACKING pc=0x0000018e93824e42 sp=0x00000074417fd528 mode 3

Classes loaded (20 events):
Event: 5.679 Loading class sun/nio/ch/SocketAdaptor
Event: 5.679 Loading class sun/nio/ch/SocketAdaptor done
Event: 5.679 Loading class sun/nio/ch/SocketChannelImpl$DefaultOptionsHolder
Event: 5.679 Loading class sun/nio/ch/SocketChannelImpl$DefaultOptionsHolder done
Event: 5.679 Loading class sun/nio/ch/SelectionKeyImpl
Event: 5.680 Loading class java/nio/channels/spi/AbstractSelectionKey
Event: 5.680 Loading class java/nio/channels/SelectionKey
Event: 5.680 Loading class java/nio/channels/SelectionKey done
Event: 5.680 Loading class java/nio/channels/spi/AbstractSelectionKey done
Event: 5.680 Loading class sun/nio/ch/SelectionKeyImpl done
Event: 5.680 Loading class java/lang/invoke/ConstantBootstraps
Event: 5.680 Loading class java/lang/invoke/ConstantBootstraps done
Event: 5.698 Loading class sun/nio/cs/ThreadLocalCoders
Event: 5.698 Loading class sun/nio/cs/ThreadLocalCoders done
Event: 5.698 Loading class sun/nio/cs/ThreadLocalCoders$1
Event: 5.698 Loading class sun/nio/cs/ThreadLocalCoders$Cache
Event: 5.698 Loading class sun/nio/cs/ThreadLocalCoders$Cache done
Event: 5.698 Loading class sun/nio/cs/ThreadLocalCoders$1 done
Event: 5.698 Loading class sun/nio/cs/ThreadLocalCoders$2
Event: 5.698 Loading class sun/nio/cs/ThreadLocalCoders$2 done

Classes unloaded (0 events):
No events

Classes redefined (0 events):
No events

Internal exceptions (20 events):
Event: 2.336 Thread 0x0000018e8dad7970 Exception <a 'java/lang/NoSuchMethodError'{0x000000070c5a0f68}: 'java.lang.Object java.lang.invoke.DirectMethodHandle$Holder.newInvokeSpecial(java.lang.Object, java.lang.Object, java.lang.Object, java.lang.Object, java.lang.Object, int, java.lang.Object)'> (0x000000070c5a0f68) 
thrown [s\src\hotspot\share\interpreter\linkResolver.cpp, line 773]
Event: 2.338 Thread 0x0000018e8dad7970 Exception <a 'java/lang/NoSuchMethodError'{0x000000070c5daa70}: 'java.lang.Object java.lang.invoke.DirectMethodHandle$Holder.newInvokeSpecial(java.lang.Object, java.lang.Object, java.lang.Object, java.lang.Object, java.lang.Object, java.lang.Object, java.lang.Object, java.lang.Object, java.lang.Object, java.lang.Object, java.lang.Object, java.lang.Object)'> (0x000000070c5daa70) 
thrown [s\src\hotspot\share\interpreter\linkResolver.cpp, line 773]
Event: 2.338 Thread 0x0000018e8dad7970 Exception <a 'java/lang/NoSuchMethodError'{0x000000070c5df308}: 'java.lang.Object java.lang.invoke.DirectMethodHandle$Holder.invokeSpecial(java.lang.Object, java.lang.Object, java.lang.Object, java.lang.Object, java.lang.Object, java.lang.Object, java.lang.Object, java.lang.Object, java.lang.Object, java.lang.Object, java.lang.Object, java.lang.Object, java.lang.Object)'> (0x000000070c5df308) 
thrown [s\src\hotspot\share\interpreter\linkResolver.cpp, line 773]
Event: 2.338 Thread 0x0000018e8dad7970 Exception <a 'java/lang/NoSuchMethodError'{0x000000070c5e37e0}: 'java.lang.Object java.lang.invoke.Invokers$Holder.linkToTargetMethod(java.lang.Object, java.lang.Object, java.lang.Object, java.lang.Object, java.lang.Object, java.lang.Object, java.lang.Object, java.lang.Object, java.lang.Object, java.lang.Object, java.lang.Object, java.lang.Object)'> (0x000000070c5e37e0) 
thrown [s\src\hotspot\share\interpreter\linkResolver.cpp, line 773]
Event: 2.354 Thread 0x0000018e8dad7970 Exception <a 'java/lang/NoSuchMethodError'{0x000000070c3a5b90}: 'java.lang.Object java.lang.invoke.DirectMethodHandle$Holder.newInvokeSpecial(java.lang.Object, java.lang.Object, java.lang.Object, java.lang.Object, java.lang.Object, java.lang.Object)'> (0x000000070c3a5b90) 
thrown [s\src\hotspot\share\interpreter\linkResolver.cpp, line 773]
Event: 2.359 Thread 0x0000018e8dad7970 Exception <a 'java/lang/NoSuchMethodError'{0x000000070bc23fd0}: 'java.lang.Object java.lang.invoke.DirectMethodHandle$Holder.newInvokeSpecial(java.lang.Object, java.lang.Object, java.lang.Object, java.lang.Object, java.lang.Object, java.lang.Object, java.lang.Object, int)'> (0x000000070bc23fd0) 
thrown [s\src\hotspot\share\interpreter\linkResolver.cpp, line 773]
Event: 2.359 Thread 0x0000018e8dad7970 Exception <a 'java/lang/NoSuchMethodError'{0x000000070bc28530}: 'java.lang.Object java.lang.invoke.DirectMethodHandle$Holder.invokeSpecial(java.lang.Object, java.lang.Object, java.lang.Object, java.lang.Object, java.lang.Object, java.lang.Object, java.lang.Object, java.lang.Object, int)'> (0x000000070bc28530) 
thrown [s\src\hotspot\share\interpreter\linkResolver.cpp, line 773]
Event: 2.359 Thread 0x0000018e8dad7970 Exception <a 'java/lang/NoSuchMethodError'{0x000000070bc2c548}: 'java.lang.Object java.lang.invoke.Invokers$Holder.linkToTargetMethod(java.lang.Object, java.lang.Object, java.lang.Object, java.lang.Object, java.lang.Object, java.lang.Object, int, java.lang.Object)'> (0x000000070bc2c548) 
thrown [s\src\hotspot\share\interpreter\linkResolver.cpp, line 773]
Event: 2.367 Thread 0x0000018e8dad7970 Exception <a 'java/lang/NoSuchMethodError'{0x000000070bcfe898}: 'void java.lang.invoke.DirectMethodHandle$Holder.invokeInterface(java.lang.Object, java.lang.Object)'> (0x000000070bcfe898) 
thrown [s\src\hotspot\share\interpreter\linkResolver.cpp, line 773]
Event: 2.408 Thread 0x0000018e8dad7970 Exception <a 'java/lang/NoSuchMethodError'{0x000000070b906820}: 'void java.lang.invoke.Invokers$Holder.invokeExact_MT(java.lang.Object, java.lang.Object, java.lang.Object, java.lang.Object)'> (0x000000070b906820) 
thrown [s\src\hotspot\share\interpreter\linkResolver.cpp, line 773]
Event: 2.430 Thread 0x0000018e8dad7970 Exception <a 'java/lang/NoSuchMethodError'{0x000000070b7161c8}: 'java.lang.Object java.lang.invoke.DirectMethodHandle$Holder.newInvokeSpecial(java.lang.Object, java.lang.Object, java.lang.Object, java.lang.Object, java.lang.Object, java.lang.Object, java.lang.Object, java.lang.Object)'> (0x000000070b7161c8) 
thrown [s\src\hotspot\share\interpreter\linkResolver.cpp, line 773]
Event: 2.520 Thread 0x0000018e8dad7970 Exception <a 'java/lang/IncompatibleClassChangeError'{0x000000071184bc88}: Found class java.lang.Object, but interface was expected> (0x000000071184bc88) 
thrown [s\src\hotspot\share\interpreter\linkResolver.cpp, line 840]
Event: 2.527 Thread 0x0000018e8dad7970 Exception <a 'java/lang/IncompatibleClassChangeError'{0x00000007119ec3f8}: Found class java.lang.Object, but interface was expected> (0x00000007119ec3f8) 
thrown [s\src\hotspot\share\interpreter\linkResolver.cpp, line 840]
Event: 2.547 Thread 0x0000018e8dad7970 Exception <a 'java/lang/NoSuchMethodError'{0x00000007117ce630}: 'void java.lang.invoke.DirectMethodHandle$Holder.invokeVirtual(java.lang.Object, java.lang.Object, long)'> (0x00000007117ce630) 
thrown [s\src\hotspot\share\interpreter\linkResolver.cpp, line 773]
Event: 2.576 Thread 0x0000018e8dad7970 Exception <a 'java/lang/NoSuchMethodError'{0x000000070c937ab0}: 'int java.lang.invoke.DirectMethodHandle$Holder.invokeStaticInit(java.lang.Object, java.lang.Object, java.lang.Object, java.lang.Object)'> (0x000000070c937ab0) 
thrown [s\src\hotspot\share\interpreter\linkResolver.cpp, line 773]
Event: 2.594 Thread 0x0000018e8dad7970 Exception <a 'java/lang/IncompatibleClassChangeError'{0x000000070c7305e0}: Found class java.lang.Object, but interface was expected> (0x000000070c7305e0) 
thrown [s\src\hotspot\share\interpreter\linkResolver.cpp, line 840]
Event: 2.646 Thread 0x0000018e8dad7970 Exception <a 'java/lang/NoSuchMethodError'{0x000000070bed0d98}: 'java.lang.Object java.lang.invoke.DirectMethodHandle$Holder.newInvokeSpecial(java.lang.Object, java.lang.Object, int, java.lang.Object, java.lang.Object)'> (0x000000070bed0d98) 
thrown [s\src\hotspot\share\interpreter\linkResolver.cpp, line 773]
Event: 3.192 Thread 0x0000018ea3bdc3b0 Exception <a 'java/lang/NoSuchMethodError'{0x000000070ba3fc20}: 'java.lang.Object java.lang.invoke.DirectMethodHandle$Holder.invokeInterface(java.lang.Object, java.lang.Object, java.lang.Object, java.lang.Object, java.lang.Object, java.lang.Object, java.lang.Object)'> (0x000000070ba3fc20) 
thrown [s\src\hotspot\share\interpreter\linkResolver.cpp, line 773]
Event: 5.696 Thread 0x0000018ea47fccf0 Exception <a 'java/lang/NoSuchMethodError'{0x000000070b9147e8}: 'java.lang.Object java.lang.invoke.DirectMethodHandle$Holder.invokeSpecial(java.lang.Object, java.lang.Object, java.lang.Object, java.lang.Object, java.lang.Object, long)'> (0x000000070b9147e8) 
thrown [s\src\hotspot\share\interpreter\linkResolver.cpp, line 773]
Event: 5.696 Thread 0x0000018ea47fccf0 Exception <a 'java/lang/NoSuchMethodError'{0x000000070b917fc8}: 'java.lang.Object java.lang.invoke.Invokers$Holder.linkToTargetMethod(java.lang.Object, java.lang.Object, java.lang.Object, long, java.lang.Object)'> (0x000000070b917fc8) 
thrown [s\src\hotspot\share\interpreter\linkResolver.cpp, line 773]

ZGC Phase Switch (0 events):
No events

VM Operations (20 events):
Event: 2.200 Executing VM operation: G1PauseRemark done
Event: 2.202 Executing VM operation: G1PauseCleanup
Event: 2.202 Executing VM operation: G1PauseCleanup done
Event: 2.208 Executing VM operation: HandshakeAllThreads (Deoptimize)
Event: 2.208 Executing VM operation: HandshakeAllThreads (Deoptimize) done
Event: 2.467 Executing VM operation: HandshakeAllThreads (Deoptimize)
Event: 2.467 Executing VM operation: HandshakeAllThreads (Deoptimize) done
Event: 2.482 Executing VM operation: HandshakeAllThreads (Deoptimize)
Event: 2.482 Executing VM operation: HandshakeAllThreads (Deoptimize) done
Event: 2.495 Executing VM operation: G1CollectForAllocation (G1 Evacuation Pause)
Event: 2.497 Executing VM operation: G1CollectForAllocation (G1 Evacuation Pause) done
Event: 2.506 Executing VM operation: HandshakeAllThreads (Deoptimize)
Event: 2.506 Executing VM operation: HandshakeAllThreads (Deoptimize) done
Event: 2.556 Executing VM operation: HandshakeAllThreads (Deoptimize)
Event: 2.556 Executing VM operation: HandshakeAllThreads (Deoptimize) done
Event: 3.570 Executing VM operation: Cleanup
Event: 3.570 Executing VM operation: Cleanup done
Event: 4.575 Executing VM operation: Cleanup
Event: 4.575 Executing VM operation: Cleanup done
Event: 5.707 Executing VM operation: G1CollectForAllocation (G1 Evacuation Pause)

Events (20 events):
Event: 2.657 Thread 0x0000018ea5730cb0 Thread added: 0x0000018ea5730cb0
Event: 2.658 Thread 0x0000018ea572e550 Thread added: 0x0000018ea572e550
Event: 2.666 Thread 0x0000018e8dad7970 Thread exited: 0x0000018e8dad7970
Event: 2.666 Thread 0x0000018ea5735b70 Thread added: 0x0000018ea5735b70
Event: 3.189 Thread 0x0000018ea57326f0 Thread added: 0x0000018ea57326f0
Event: 3.190 Thread 0x0000018ea5732060 Thread added: 0x0000018ea5732060
Event: 3.191 Thread 0x0000018ea5733410 Thread added: 0x0000018ea5733410
Event: 3.191 Thread 0x0000018ea5732d80 Thread added: 0x0000018ea5732d80
Event: 3.192 Thread 0x0000018ea5734130 Thread added: 0x0000018ea5734130
Event: 3.192 Thread 0x0000018ea572ebe0 Thread added: 0x0000018ea572ebe0
Event: 3.193 Thread 0x0000018ea57347c0 Thread added: 0x0000018ea57347c0
Event: 3.193 Thread 0x0000018ea572f900 Thread added: 0x0000018ea572f900
Event: 3.193 Thread 0x0000018ea5734e50 Thread added: 0x0000018ea5734e50
Event: 3.194 Thread 0x0000018ea57fee30 Thread added: 0x0000018ea57fee30
Event: 3.194 Thread 0x0000018ea57326f0 Thread exited: 0x0000018ea57326f0
Event: 3.195 Thread 0x0000018ea57fee30 Thread exited: 0x0000018ea57fee30
Event: 4.210 Thread 0x0000018ea572f900 Thread exited: 0x0000018ea572f900
Event: 4.210 Thread 0x0000018ea572ebe0 Thread exited: 0x0000018ea572ebe0
Event: 5.692 Thread 0x0000018e9e6b6710 Thread exited: 0x0000018e9e6b6710
Event: 5.692 Thread 0x0000018e9e6b74b0 Thread exited: 0x0000018e9e6b74b0


Dynamic libraries:
0x00007ff6e4af0000 - 0x00007ff6e4afe000 	C:\sts-4.23.1.RELEASE\plugins\org.eclipse.justj.openjdk.hotspot.jre.full.win32.x86_64_21.0.3.v20240426-1530\jre\bin\javaw.exe
0x00007fff09690000 - 0x00007fff09888000 	C:\Windows\SYSTEM32\ntdll.dll
0x00007fff09090000 - 0x00007fff09151000 	C:\Windows\System32\KERNEL32.DLL
0x00007fff06e90000 - 0x00007fff07186000 	C:\Windows\System32\KERNELBASE.dll
0x00007fff07230000 - 0x00007fff07330000 	C:\Windows\System32\ucrtbase.dll
0x00007ffeff0d0000 - 0x00007ffeff0eb000 	C:\sts-4.23.1.RELEASE\plugins\org.eclipse.justj.openjdk.hotspot.jre.full.win32.x86_64_21.0.3.v20240426-1530\jre\bin\VCRUNTIME140.dll
0x00007ffeff5b0000 - 0x00007ffeff5c8000 	C:\sts-4.23.1.RELEASE\plugins\org.eclipse.justj.openjdk.hotspot.jre.full.win32.x86_64_21.0.3.v20240426-1530\jre\bin\jli.dll
0x00007fff08dc0000 - 0x00007fff08f5f000 	C:\Windows\System32\USER32.dll
0x00007ffef79d0000 - 0x00007ffef7c6a000 	C:\Windows\WinSxS\amd64_microsoft.windows.common-controls_6595b64144ccf1df_6.0.19041.4355_none_60b8b9eb71f62e16\COMCTL32.dll
0x00007fff06d10000 - 0x00007fff06d32000 	C:\Windows\System32\win32u.dll
0x00007fff076a0000 - 0x00007fff0773e000 	C:\Windows\System32\msvcrt.dll
0x00007fff08250000 - 0x00007fff0827b000 	C:\Windows\System32\GDI32.dll
0x00007fff07490000 - 0x00007fff075a7000 	C:\Windows\System32\gdi32full.dll
0x00007fff07190000 - 0x00007fff0722d000 	C:\Windows\System32\msvcp_win.dll
0x00007fff080f0000 - 0x00007fff0811f000 	C:\Windows\System32\IMM32.DLL
0x00007ffeff650000 - 0x00007ffeff65c000 	C:\sts-4.23.1.RELEASE\plugins\org.eclipse.justj.openjdk.hotspot.jre.full.win32.x86_64_21.0.3.v20240426-1530\jre\bin\vcruntime140_1.dll
0x00007ffef5e70000 - 0x00007ffef5efe000 	C:\sts-4.23.1.RELEASE\plugins\org.eclipse.justj.openjdk.hotspot.jre.full.win32.x86_64_21.0.3.v20240426-1530\jre\bin\msvcp140.dll
0x00007ffedf570000 - 0x00007ffee02f2000 	C:\sts-4.23.1.RELEASE\plugins\org.eclipse.justj.openjdk.hotspot.jre.full.win32.x86_64_21.0.3.v20240426-1530\jre\bin\server\jvm.dll
0x00007fff07fd0000 - 0x00007fff08080000 	C:\Windows\System32\ADVAPI32.dll
0x00007fff08f60000 - 0x00007fff09000000 	C:\Windows\System32\sechost.dll
0x00007fff08120000 - 0x00007fff08243000 	C:\Windows\System32\RPCRT4.dll
0x00007fff075b0000 - 0x00007fff075d7000 	C:\Windows\System32\bcrypt.dll
0x00007fff09020000 - 0x00007fff0908b000 	C:\Windows\System32\WS2_32.dll
0x00007fff06ab0000 - 0x00007fff06afb000 	C:\Windows\SYSTEM32\POWRPROF.dll
0x00007fff00400000 - 0x00007fff0040a000 	C:\Windows\SYSTEM32\VERSION.dll
0x00007ffefd230000 - 0x00007ffefd257000 	C:\Windows\SYSTEM32\WINMM.dll
0x00007fff06a90000 - 0x00007fff06aa2000 	C:\Windows\SYSTEM32\UMPDC.dll
0x00007fff04bb0000 - 0x00007fff04bc2000 	C:\Windows\SYSTEM32\kernel.appcore.dll
0x00007fff03d60000 - 0x00007fff03d6a000 	C:\sts-4.23.1.RELEASE\plugins\org.eclipse.justj.openjdk.hotspot.jre.full.win32.x86_64_21.0.3.v20240426-1530\jre\bin\jimage.dll
0x00007fff009e0000 - 0x00007fff00bc4000 	C:\Windows\SYSTEM32\DBGHELP.DLL
0x00007ffef4750000 - 0x00007ffef4784000 	C:\Windows\SYSTEM32\dbgcore.DLL
0x00007fff06db0000 - 0x00007fff06e32000 	C:\Windows\System32\bcryptPrimitives.dll
0x00007fff019b0000 - 0x00007fff019cf000 	C:\sts-4.23.1.RELEASE\plugins\org.eclipse.justj.openjdk.hotspot.jre.full.win32.x86_64_21.0.3.v20240426-1530\jre\bin\java.dll
0x00007fff00330000 - 0x00007fff00348000 	C:\sts-4.23.1.RELEASE\plugins\org.eclipse.justj.openjdk.hotspot.jre.full.win32.x86_64_21.0.3.v20240426-1530\jre\bin\zip.dll
0x00007fff07860000 - 0x00007fff07fcc000 	C:\Windows\System32\SHELL32.dll
0x00007fff04db0000 - 0x00007fff0554e000 	C:\Windows\SYSTEM32\windows.storage.dll
0x00007fff08330000 - 0x00007fff08683000 	C:\Windows\System32\combase.dll
0x00007fff06660000 - 0x00007fff0668e000 	C:\Windows\SYSTEM32\Wldp.dll
0x00007fff09270000 - 0x00007fff0933d000 	C:\Windows\System32\OLEAUT32.dll
0x00007fff08280000 - 0x00007fff0832d000 	C:\Windows\System32\SHCORE.dll
0x00007fff07800000 - 0x00007fff07855000 	C:\Windows\System32\shlwapi.dll
0x00007fff06c40000 - 0x00007fff06c64000 	C:\Windows\SYSTEM32\profapi.dll
0x00007fff01e40000 - 0x00007fff01e50000 	C:\sts-4.23.1.RELEASE\plugins\org.eclipse.justj.openjdk.hotspot.jre.full.win32.x86_64_21.0.3.v20240426-1530\jre\bin\net.dll
0x00007fff00020000 - 0x00007fff0012a000 	C:\Windows\SYSTEM32\WINHTTP.dll
0x00007fff063c0000 - 0x00007fff0642a000 	C:\Windows\system32\mswsock.dll
0x00007ffeffc60000 - 0x00007ffeffc76000 	C:\sts-4.23.1.RELEASE\plugins\org.eclipse.justj.openjdk.hotspot.jre.full.win32.x86_64_21.0.3.v20240426-1530\jre\bin\nio.dll
0x00007ffefc250000 - 0x00007ffefc25a000 	C:\sts-4.23.1.RELEASE\plugins\org.eclipse.justj.openjdk.hotspot.jre.full.win32.x86_64_21.0.3.v20240426-1530\jre\bin\management.dll
0x00007ffefc240000 - 0x00007ffefc24b000 	C:\sts-4.23.1.RELEASE\plugins\org.eclipse.justj.openjdk.hotspot.jre.full.win32.x86_64_21.0.3.v20240426-1530\jre\bin\management_ext.dll
0x00007fff07690000 - 0x00007fff07698000 	C:\Windows\System32\PSAPI.DLL
0x00007ffefbdc0000 - 0x00007ffefbdd7000 	C:\Windows\system32\napinsp.dll
0x00007ffefbda0000 - 0x00007ffefbdbb000 	C:\Windows\system32\pnrpnsp.dll
0x00007ffeeebd0000 - 0x00007ffeeebe5000 	C:\Windows\system32\wshbth.dll
0x00007fff03770000 - 0x00007fff0378d000 	C:\Windows\system32\NLAapi.dll
0x00007fff060a0000 - 0x00007fff060db000 	C:\Windows\SYSTEM32\IPHLPAPI.DLL
0x00007fff060e0000 - 0x00007fff061aa000 	C:\Windows\SYSTEM32\DNSAPI.dll
0x00007fff080e0000 - 0x00007fff080e8000 	C:\Windows\System32\NSI.dll
0x00007ffefbde0000 - 0x00007ffefbdf2000 	C:\Windows\System32\winrnr.dll
0x00007fff002e0000 - 0x00007fff002ea000 	C:\Windows\System32\rasadhlp.dll
0x00007ffeff4a0000 - 0x00007ffeff520000 	C:\Windows\System32\fwpuclnt.dll
0x00007fff065b0000 - 0x00007fff065c8000 	C:\Windows\SYSTEM32\CRYPTSP.dll
0x00007fff05ce0000 - 0x00007fff05d14000 	C:\Windows\system32\rsaenh.dll
0x00007fff06bb0000 - 0x00007fff06bde000 	C:\Windows\SYSTEM32\USERENV.dll
0x00007fff065d0000 - 0x00007fff065dc000 	C:\Windows\SYSTEM32\CRYPTBASE.dll
0x00007ffeff5a0000 - 0x00007ffeff5a9000 	C:\sts-4.23.1.RELEASE\plugins\org.eclipse.justj.openjdk.hotspot.jre.full.win32.x86_64_21.0.3.v20240426-1530\jre\bin\extnet.dll
0x00007ffeffc50000 - 0x00007ffeffc5e000 	C:\sts-4.23.1.RELEASE\plugins\org.eclipse.justj.openjdk.hotspot.jre.full.win32.x86_64_21.0.3.v20240426-1530\jre\bin\sunmscapi.dll
0x00007fff07330000 - 0x00007fff0748e000 	C:\Windows\System32\CRYPT32.dll
0x00007fff066d0000 - 0x00007fff066f9000 	C:\Windows\SYSTEM32\ncrypt.dll
0x00007fff06690000 - 0x00007fff066cb000 	C:\Windows\SYSTEM32\NTASN1.dll
0x00007fff019a0000 - 0x00007fff019b0000 	C:\sts-4.23.1.RELEASE\plugins\org.eclipse.justj.openjdk.hotspot.jre.full.win32.x86_64_21.0.3.v20240426-1530\jre\bin\verify.dll
0x00007fff03fb0000 - 0x00007fff03fb7000 	C:\Windows\system32\wshunix.dll

dbghelp: loaded successfully - version: 4.0.5 - missing functions: none
symbol engine: initialized successfully - sym options: 0x614 - pdb path: .;C:\sts-4.23.1.RELEASE\plugins\org.eclipse.justj.openjdk.hotspot.jre.full.win32.x86_64_21.0.3.v20240426-1530\jre\bin;C:\Windows\SYSTEM32;C:\Windows\WinSxS\amd64_microsoft.windows.common-controls_6595b64144ccf1df_6.0.19041.4355_none_60b8b9eb71f62e16;C:\sts-4.23.1.RELEASE\plugins\org.eclipse.justj.openjdk.hotspot.jre.full.win32.x86_64_21.0.3.v20240426-1530\jre\bin\server

VM Arguments:
jvm_args: -Dcom.sun.management.jmxremote -Dcom.sun.management.jmxremote.port=58150 -Dcom.sun.management.jmxremote.authenticate=false -Dcom.sun.management.jmxremote.ssl=false -Djava.rmi.server.hostname=localhost -Dspring.jmx.enabled=true -Dmanagement.endpoints.jmx.exposure.include=* -Dspring.application.admin.enabled=true -XX:TieredStopAtLevel=1 -Dspring.boot.project.name=course -Dfile.encoding=UTF-8 -Dstdout.encoding=UTF-8 -Dstderr.encoding=UTF-8 -XX:+ShowCodeDetailsInExceptionMessages 
java_command: com.CursoJava.course.CourseApplication --spring.output.ansi.enabled=always
java_class_path (initial): D:\Projetos\course\target\classes;C:\Users\Anonymous\.m2\repository\org\springframework\boot\spring-boot-starter-web\3.3.1\spring-boot-starter-web-3.3.1.jar;C:\Users\Anonymous\.m2\repository\org\springframework\boot\spring-boot-starter\3.3.1\spring-boot-starter-3.3.1.jar;C:\Users\Anonymous\.m2\repository\org\springframework\boot\spring-boot\3.3.1\spring-boot-3.3.1.jar;C:\Users\Anonymous\.m2\repository\org\springframework\boot\spring-boot-autoconfigure\3.3.1\spring-boot-autoconfigure-3.3.1.jar;C:\Users\Anonymous\.m2\repository\org\springframework\boot\spring-boot-starter-logging\3.3.1\spring-boot-starter-logging-3.3.1.jar;C:\Users\Anonymous\.m2\repository\ch\qos\logback\logback-classic\1.5.6\logback-classic-1.5.6.jar;C:\Users\Anonymous\.m2\repository\ch\qos\logback\logback-core\1.5.6\logback-core-1.5.6.jar;C:\Users\Anonymous\.m2\repository\org\apache\logging\log4j\log4j-to-slf4j\2.23.1\log4j-to-slf4j-2.23.1.jar;C:\Users\Anonymous\.m2\repository\org\apache\logging\log4j\log4j-api\2.23.1\log4j-api-2.23.1.jar;C:\Users\Anonymous\.m2\repository\org\slf4j\jul-to-slf4j\2.0.13\jul-to-slf4j-2.0.13.jar;C:\Users\Anonymous\.m2\repository\jakarta\annotation\jakarta.annotation-api\2.1.1\jakarta.annotation-api-2.1.1.jar;C:\Users\Anonymous\.m2\repository\org\yaml\snakeyaml\2.2\snakeyaml-2.2.jar;C:\Users\Anonymous\.m2\repository\org\springframework\boot\spring-boot-starter-json\3.3.1\spring-boot-starter-json-3.3.1.jar;C:\Users\Anonymous\.m2\repository\com\fasterxml\jackson\core\jackson-databind\2.17.1\jackson-databind-2.17.1.jar;C:\Users\Anonymous\.m2\repository\com\fasterxml\jackson\core\jackson-annotations\2.17.1\jackson-annotations-2.17.1.jar;C:\Users\Anonymous\.m2\repository\com\fasterxml\jackson\core\jackson-core\2.17.1\jackson-core-2.17.1.jar;C:\Users\Anonymous\.m2\repository\com\fasterxml\jackson\datatype\jackson-datatype-jdk8\2.17.1\jackson-datatype-jdk8-2.17.1.jar;C:\Users\Anonymous\.m2\repository\com\fasterxml\jackson\datatype\jackson-datatype-jsr310\2.17.1\jackson-datatype-jsr310-2.17.1.jar;C:\Users\Anonymous\.m2\repository\com\fasterxml\jackson\module\jackson-module-parameter-names\2.17.1\jackson-module-parameter-names-2.17.1.jar;C:\Users\Anonymous\.m2\repository\org\springframework\boot\spring-boot-starter-tomcat\3.3.1\spring-boot-starter-tomcat-3.3.1.jar;C:\Users\Anonymous\.m2\repository\org\apache\tomcat\embed\tomcat-embed-core\10.1.25\tomcat-embed-core-10.1.25.jar;C:\Users\Anonymous\.m2\repository\org\apache\tomcat\embed\tomcat-embed-el\10.1.25\tomcat-embed-el-10.1.25.jar;C:\Users\Anonymous\.m2\repository\org\apache\tomcat\embed\tomcat-embed-websocket\10.1.25\tomcat-embed-websocket-10.1.25.jar;C:\Users\Anonymous\.m2\repository\org\springframework\spring-web\6.1.10\spring-web-6.1.10.jar;C:\Users\Anonymous\.m2\repository\org\springframework\spring-beans\6.1.10\spring-beans-6.1.10.jar;C:\Users\Anonymous\.m2\repository\io\micrometer\micrometer-observation\1.13.1\micrometer-observation-1.13.1.jar;C:\Users\Anonymous\.m2\repository\io\micrometer\micrometer-commons\1.13.1\micrometer-commons-1.13.1.jar;C:\Users\Anonymous\.m2\repository\org\springframework\spring-webmvc\6.1.10\spring-webmvc-6.1.10.jar;C:\Users\Anonymous\.m2\repository\org\springframework\spring-aop\6.1.10\spring-aop-6.1.10.jar;C:\Users\Anonymous\.m2\repository\org\springframework\spring-context\6.1.10\spring-context-6.1.10.jar;C:\Users\Anonymous\.m2\repository\org\springframework\spring-expression\6.1.10\spring-expression-6.1.10.jar;C:\Users\Anonymous\.m2\repository\org\slf4j\slf4j-api\2.0.13\slf4j-api-2.0.13.jar;C:\Users\Anonymous\.m2\repository\jakarta\xml\bind\jakarta.xml.bind-api\4.0.2\jakarta.xml.bind-api-4.0.2.jar;C:\Users\Anonymous\.m2\repository\jakarta\activation\jakarta.activation-api\2.1.3\jakarta.activation-api-2.1.3.jar;C:\Users\Anonymous\.m2\repository\net\bytebuddy\byte-buddy\1.14.17\byte-buddy-1.14.17.jar;C:\Users\Anonymous\.m2\repository\org\springframework\spring-core\6.1.10\spring-core-6.1.10.jar;C:\Users\Anonymous\.m2\repository\org\springframework\spring-jcl\6.1.10\spring-jcl-6.1.10.jar;C:\Users\Anonymous\.m2\repository\org\springframework\boot\spring-boot-starter-data-jpa\3.3.1\spring-boot-starter-data-jpa-3.3.1.jar;C:\Users\Anonymous\.m2\repository\org\springframework\boot\spring-boot-starter-aop\3.3.1\spring-boot-starter-aop-3.3.1.jar;C:\Users\Anonymous\.m2\repository\org\aspectj\aspectjweaver\1.9.22\aspectjweaver-1.9.22.jar;C:\Users\Anonymous\.m2\repository\org\springframework\boot\spring-boot-starter-jdbc\3.3.1\spring-boot-starter-jdbc-3.3.1.jar;C:\Users\Anonymous\.m2\repository\com\zaxxer\HikariCP\5.1.0\HikariCP-5.1.0.jar;C:\Users\Anonymous\.m2\repository\org\springframework\spring-jdbc\6.1.10\spring-jdbc-6.1.10.jar;C:\Users\Anonymous\.m2\repository\org\hibernate\orm\hibernate-core\6.5.2.Final\hibernate-core-6.5.2.Final.jar;C:\Users\Anonymous\.m2\repository\jakarta\persistence\jakarta.persistence-api\3.1.0\jakarta.persistence-api-3.1.0.jar;C:\Users\Anonymous\.m2\repository\jakarta\transaction\jakarta.transaction-api\2.0.1\jakarta.transaction-api-2.0.1.jar;C:\Users\Anonymous\.m2\repository\org\jboss\logging\jboss-logging\3.5.3.Final\jboss-logging-3.5.3.Final.jar;C:\Users\Anonymous\.m2\repository\org\hibernate\common\hibernate-commons-annotations\6.0.6.Final\hibernate-commons-annotations-6.0.6.Final.jar;C:\Users\Anonymous\.m2\repository\io\smallrye\jandex\3.1.2\jandex-3.1.2.jar;C:\Users\Anonymous\.m2\repository\com\fasterxml\classmate\1.7.0\classmate-1.7.0.jar;C:\Users\Anonymous\.m2\repository\org\glassfish\jaxb\jaxb-runtime\4.0.5\jaxb-runtime-4.0.5.jar;C:\Users\Anonymous\.m2\repository\org\glassfish\jaxb\jaxb-core\4.0.5\jaxb-core-4.0.5.jar;C:\Users\Anonymous\.m2\repository\org\eclipse\angus\angus-activation\2.0.2\angus-activation-2.0.2.jar;C:\Users\Anonymous\.m2\repository\org\glassfish\jaxb\txw2\4.0.5\txw2-4.0.5.jar;C:\Users\Anonymous\.m2\repository\com\sun\istack\istack-commons-runtime\4.1.2\istack-commons-runtime-4.1.2.jar;C:\Users\Anonymous\.m2\repository\jakarta\inject\jakarta.inject-api\2.0.1\jakarta.inject-api-2.0.1.jar;C:\Users\Anonymous\.m2\repository\org\antlr\antlr4-runtime\4.13.0\antlr4-runtime-4.13.0.jar;C:\Users\Anonymous\.m2\repository\org\springframework\data\spring-data-jpa\3.3.1\spring-data-jpa-3.3.1.jar;C:\Users\Anonymous\.m2\repository\org\springframework\data\spring-data-commons\3.3.1\spring-data-commons-3.3.1.jar;C:\Users\Anonymous\.m2\repository\org\springframework\spring-orm\6.1.10\spring-orm-6.1.10.jar;C:\Users\Anonymous\.m2\repository\org\springframework\spring-tx\6.1.10\spring-tx-6.1.10.jar;C:\Users\Anonymous\.m2\repository\org\springframework\spring-aspects\6.1.10\spring-aspects-6.1.10.jar;C:\Users\Anonymous\.m2\repository\com\h2database\h2\2.2.224\h2-2.2.224.jar
Launcher Type: SUN_STANDARD

[Global flags]
     intx CICompilerCount                          = 4                                         {product} {ergonomic}
     uint ConcGCThreads                            = 3                                         {product} {ergonomic}
     uint G1ConcRefinementThreads                  = 10                                        {product} {ergonomic}
   size_t G1HeapRegionSize                         = 2097152                                   {product} {ergonomic}
    uintx GCDrainStackTargetSize                   = 64                                        {product} {ergonomic}
   size_t InitialHeapSize                          = 260046848                                 {product} {ergonomic}
     bool ManagementServer                         = true                                      {product} {command line}
   size_t MarkStackSize                            = 4194304                                   {product} {ergonomic}
   size_t MaxHeapSize                              = 4137680896                                {product} {ergonomic}
   size_t MaxNewSize                               = 2480930816                                {product} {ergonomic}
   size_t MinHeapDeltaBytes                        = 2097152                                   {product} {ergonomic}
   size_t MinHeapSize                              = 8388608                                   {product} {ergonomic}
    uintx NonNMethodCodeHeapSize                   = 4096                                   {pd product} {ergonomic}
    uintx NonProfiledCodeHeapSize                  = 0                                      {pd product} {ergonomic}
     bool ProfileInterpreter                       = false                                  {pd product} {command line}
    uintx ProfiledCodeHeapSize                     = 0                                      {pd product} {ergonomic}
     bool ShowCodeDetailsInExceptionMessages       = true                                   {manageable} {command line}
   size_t SoftMaxHeapSize                          = 4137680896                             {manageable} {ergonomic}
     intx TieredStopAtLevel                        = 1                                         {product} {command line}
     bool UseCompressedOops                        = true                           {product lp64_product} {ergonomic}
     bool UseG1GC                                  = true                                      {product} {ergonomic}
     bool UseLargePagesIndividualAllocation        = false                                  {pd product} {ergonomic}

Logging:
Log output configuration:
 #0: stdout all=warning uptime,level,tags foldmultilines=false
 #1: stderr all=off uptime,level,tags foldmultilines=false

Environment Variables:
JAVA_HOME=C:\Program Files\Java\zulu21.30.15-ca-jdk21.0.1-win_x64
PATH=C:/sts-4.23.1.RELEASE//plugins/org.eclipse.justj.openjdk.hotspot.jre.full.win32.x86_64_21.0.3.v20240426-1530/jre/bin/server;C:/sts-4.23.1.RELEASE//plugins/org.eclipse.justj.openjdk.hotspot.jre.full.win32.x86_64_21.0.3.v20240426-1530/jre/bin;C:\Program Files\Java\zulu21.30.15-ca-jdk21.0.1-win_x64\bin;C:\Program Files\PostgreSQL\16\bin;C:\Program Files\MySQL\MySQL Server 8.0\bin;C:\Program Files (x86)\Common Files\Oracle\Java\javapath;C:\Windows\system32;C:\Windows;C:\Windows\System32\Wbem;C:\Windows\System32\WindowsPowerShell\v1.0\;C:\Windows\System32\OpenSSH\;C:\Program Files\nodejs\;C:\Program Files\Git\cmd;C:\Program Files\MySQL\MySQL Shell 8.0\bin\;C:\Users\Anonymous\AppData\Local\Microsoft\WindowsApps;C:\Users\Anonymous\AppData\Local\Programs\Microsoft VS Code\bin;C:\Users\Anonymous\AppData\Roaming\npm;C:\sts-4.23.1.RELEASE;
USERNAME=Anonymous
OS=Windows_NT
PROCESSOR_IDENTIFIER=AMD64 Family 25 Model 80 Stepping 0, AuthenticAMD
TMP=C:\Users\ANONYM~1\AppData\Local\Temp
TEMP=C:\Users\ANONYM~1\AppData\Local\Temp




Periodic native trim disabled

---------------  S Y S T E M  ---------------

OS:
 Windows 10 , 64 bit Build 19041 (10.0.19041.4597)
OS uptime: 0 days 1:14 hours

CPU: total 12 (initial active 12) (12 cores per cpu, 2 threads per core) family 25 model 80 stepping 0 microcode 0x0, cx8, cmov, fxsr, ht, mmx, 3dnowpref, sse, sse2, sse3, ssse3, sse4a, sse4.1, sse4.2, popcnt, lzcnt, tsc, tscinvbit, avx, avx2, aes, erms, clmul, bmi1, bmi2, adx, sha, fma, vzeroupper, clflush, clflushopt, rdtscp, rdpid, fsrm, f16c, pku, cet_ss
Processor Information for all 12 processors :
  Max Mhz: 3901, Current Mhz: 3901, Mhz Limit: 3901

Memory: 4k page, system-wide physical 15779M (9467M free)
TotalPageFile size 18211M (AvailPageFile size 11449M)
current process WorkingSet (physical memory assigned to process): 207M, peak: 208M
current process commit charge ("private bytes"): 243M, peak: 357M

vm_info: OpenJDK 64-Bit Server VM (21.0.3+9-LTS) for windows-amd64 JRE (21.0.3+9-LTS), built on 2024-04-16T00:00:00Z by "admin" with MS VC++ 17.7 (VS2022)

END.
